2023-10-05T00:33:56+00:00 CRITICAL Uncaught InvalidArgumentException: The group "rocket-rucss" does not exist. in /home/sdsons/public_html/wp-content/plugins/woocommerce/packages/action-scheduler/classes/data-stores/ActionScheduler_DBStore.php:907
Stack trace:
#0 /home/sdsons/public_html/wp-content/plugins/woocommerce/packages/action-scheduler/classes/data-stores/ActionScheduler_DBStore.php(799): ActionScheduler_DBStore->claim_actions()
#1 /home/sdsons/public_html/wp-content/plugins/woocommerce/packages/action-scheduler/classes/ActionScheduler_QueueRunner.php(157): ActionScheduler_DBStore->stake_claim()
#2 /home/sdsons/public_html/wp-content/plugins/woocommerce/packages/action-scheduler/classes/ActionScheduler_QueueRunner.php(136): ActionScheduler_QueueRunner->do_batch()
#3 /home/sdsons/public_html/wp-includes/class-wp-hook.php(310): ActionScheduler_QueueRunner->run()
#4 /home/sdsons/public_html/wp-includes/class-wp-hook.php(334): WP_Hook->apply_filters()
#5 /home/sdsons/public_html/wp-includes/plugin.php(565): WP_Hook->do_action()
#6 /home/sdsons/public_html/wp-cron.php(191): do_action_ref_array()
#7 {main}
  thrown in /home/sdsons/public_html/wp-content/plugins/woocommerce/packages/action-scheduler/classes/data-stores/ActionScheduler_DBStore.php on line 907

2023-10-05T01:32:07+00:00 CRITICAL Uncaught InvalidArgumentException: The group "rocket-rucss" does not exist. in /home/sdsons/public_html/wp-content/plugins/woocommerce/packages/action-scheduler/classes/data-stores/ActionScheduler_DBStore.php:907
Stack trace:
#0 /home/sdsons/public_html/wp-content/plugins/woocommerce/packages/action-scheduler/classes/data-stores/ActionScheduler_DBStore.php(799): ActionScheduler_DBStore->claim_actions()
#1 /home/sdsons/public_html/wp-content/plugins/woocommerce/packages/action-scheduler/classes/ActionScheduler_QueueRunner.php(157): ActionScheduler_DBStore->stake_claim()
#2 /home/sdsons/public_html/wp-content/plugins/woocommerce/packages/action-scheduler/classes/ActionScheduler_QueueRunner.php(136): ActionScheduler_QueueRunner->do_batch()
#3 /home/sdsons/public_html/wp-includes/class-wp-hook.php(310): ActionScheduler_QueueRunner->run()
#4 /home/sdsons/public_html/wp-includes/class-wp-hook.php(334): WP_Hook->apply_filters()
#5 /home/sdsons/public_html/wp-includes/plugin.php(565): WP_Hook->do_action()
#6 /home/sdsons/public_html/wp-cron.php(191): do_action_ref_array()
#7 {main}
  thrown in /home/sdsons/public_html/wp-content/plugins/woocommerce/packages/action-scheduler/classes/data-stores/ActionScheduler_DBStore.php on line 907

2023-10-05T01:38:43+00:00 CRITICAL Uncaught InvalidArgumentException: The group "rocket-rucss" does not exist. in /home/sdsons/public_html/wp-content/plugins/woocommerce/packages/action-scheduler/classes/data-stores/ActionScheduler_DBStore.php:907
Stack trace:
#0 /home/sdsons/public_html/wp-content/plugins/woocommerce/packages/action-scheduler/classes/data-stores/ActionScheduler_DBStore.php(799): ActionScheduler_DBStore->claim_actions()
#1 /home/sdsons/public_html/wp-content/plugins/woocommerce/packages/action-scheduler/classes/ActionScheduler_QueueRunner.php(157): ActionScheduler_DBStore->stake_claim()
#2 /home/sdsons/public_html/wp-content/plugins/woocommerce/packages/action-scheduler/classes/ActionScheduler_QueueRunner.php(136): ActionScheduler_QueueRunner->do_batch()
#3 /home/sdsons/public_html/wp-includes/class-wp-hook.php(310): ActionScheduler_QueueRunner->run()
#4 /home/sdsons/public_html/wp-includes/class-wp-hook.php(334): WP_Hook->apply_filters()
#5 /home/sdsons/public_html/wp-includes/plugin.php(565): WP_Hook->do_action()
#6 /home/sdsons/public_html/wp-cron.php(191): do_action_ref_array()
#7 {main}
  thrown in /home/sdsons/public_html/wp-content/plugins/woocommerce/packages/action-scheduler/classes/data-stores/ActionScheduler_DBStore.php on line 907

2023-10-05T06:12:02+00:00 CRITICAL Uncaught InvalidArgumentException: The group "rocket-rucss" does not exist. in /home/sdsons/public_html/wp-content/plugins/woocommerce/packages/action-scheduler/classes/data-stores/ActionScheduler_DBStore.php:907
Stack trace:
#0 /home/sdsons/public_html/wp-content/plugins/woocommerce/packages/action-scheduler/classes/data-stores/ActionScheduler_DBStore.php(799): ActionScheduler_DBStore->claim_actions()
#1 /home/sdsons/public_html/wp-content/plugins/woocommerce/packages/action-scheduler/classes/ActionScheduler_QueueRunner.php(157): ActionScheduler_DBStore->stake_claim()
#2 /home/sdsons/public_html/wp-content/plugins/woocommerce/packages/action-scheduler/classes/ActionScheduler_QueueRunner.php(136): ActionScheduler_QueueRunner->do_batch()
#3 /home/sdsons/public_html/wp-includes/class-wp-hook.php(310): ActionScheduler_QueueRunner->run()
#4 /home/sdsons/public_html/wp-includes/class-wp-hook.php(334): WP_Hook->apply_filters()
#5 /home/sdsons/public_html/wp-includes/plugin.php(565): WP_Hook->do_action()
#6 /home/sdsons/public_html/wp-cron.php(191): do_action_ref_array()
#7 {main}
  thrown in /home/sdsons/public_html/wp-content/plugins/woocommerce/packages/action-scheduler/classes/data-stores/ActionScheduler_DBStore.php on line 907

2023-10-05T06:34:51+00:00 CRITICAL Uncaught InvalidArgumentException: The group "rocket-rucss" does not exist. in /home/sdsons/public_html/wp-content/plugins/woocommerce/packages/action-scheduler/classes/data-stores/ActionScheduler_DBStore.php:907
Stack trace:
#0 /home/sdsons/public_html/wp-content/plugins/woocommerce/packages/action-scheduler/classes/data-stores/ActionScheduler_DBStore.php(799): ActionScheduler_DBStore->claim_actions()
#1 /home/sdsons/public_html/wp-content/plugins/woocommerce/packages/action-scheduler/classes/ActionScheduler_QueueRunner.php(157): ActionScheduler_DBStore->stake_claim()
#2 /home/sdsons/public_html/wp-content/plugins/woocommerce/packages/action-scheduler/classes/ActionScheduler_QueueRunner.php(136): ActionScheduler_QueueRunner->do_batch()
#3 /home/sdsons/public_html/wp-includes/class-wp-hook.php(310): ActionScheduler_QueueRunner->run()
#4 /home/sdsons/public_html/wp-includes/class-wp-hook.php(334): WP_Hook->apply_filters()
#5 /home/sdsons/public_html/wp-includes/plugin.php(565): WP_Hook->do_action()
#6 /home/sdsons/public_html/wp-cron.php(191): do_action_ref_array()
#7 {main}
  thrown in /home/sdsons/public_html/wp-content/plugins/woocommerce/packages/action-scheduler/classes/data-stores/ActionScheduler_DBStore.php on line 907

2023-10-05T09:14:24+00:00 CRITICAL Uncaught InvalidArgumentException: The group "rocket-rucss" does not exist. in /home/sdsons/public_html/wp-content/plugins/woocommerce/packages/action-scheduler/classes/data-stores/ActionScheduler_DBStore.php:907
Stack trace:
#0 /home/sdsons/public_html/wp-content/plugins/woocommerce/packages/action-scheduler/classes/data-stores/ActionScheduler_DBStore.php(799): ActionScheduler_DBStore->claim_actions()
#1 /home/sdsons/public_html/wp-content/plugins/woocommerce/packages/action-scheduler/classes/ActionScheduler_QueueRunner.php(157): ActionScheduler_DBStore->stake_claim()
#2 /home/sdsons/public_html/wp-content/plugins/woocommerce/packages/action-scheduler/classes/ActionScheduler_QueueRunner.php(136): ActionScheduler_QueueRunner->do_batch()
#3 /home/sdsons/public_html/wp-includes/class-wp-hook.php(310): ActionScheduler_QueueRunner->run()
#4 /home/sdsons/public_html/wp-includes/class-wp-hook.php(334): WP_Hook->apply_filters()
#5 /home/sdsons/public_html/wp-includes/plugin.php(565): WP_Hook->do_action()
#6 /home/sdsons/public_html/wp-cron.php(191): do_action_ref_array()
#7 {main}
  thrown in /home/sdsons/public_html/wp-content/plugins/woocommerce/packages/action-scheduler/classes/data-stores/ActionScheduler_DBStore.php on line 907

2023-10-05T09:43:10+00:00 CRITICAL Uncaught InvalidArgumentException: The group "rocket-rucss" does not exist. in /home/sdsons/public_html/wp-content/plugins/woocommerce/packages/action-scheduler/classes/data-stores/ActionScheduler_DBStore.php:907
Stack trace:
#0 /home/sdsons/public_html/wp-content/plugins/woocommerce/packages/action-scheduler/classes/data-stores/ActionScheduler_DBStore.php(799): ActionScheduler_DBStore->claim_actions()
#1 /home/sdsons/public_html/wp-content/plugins/woocommerce/packages/action-scheduler/classes/ActionScheduler_QueueRunner.php(157): ActionScheduler_DBStore->stake_claim()
#2 /home/sdsons/public_html/wp-content/plugins/woocommerce/packages/action-scheduler/classes/ActionScheduler_QueueRunner.php(136): ActionScheduler_QueueRunner->do_batch()
#3 /home/sdsons/public_html/wp-includes/class-wp-hook.php(310): ActionScheduler_QueueRunner->run()
#4 /home/sdsons/public_html/wp-includes/class-wp-hook.php(334): WP_Hook->apply_filters()
#5 /home/sdsons/public_html/wp-includes/plugin.php(565): WP_Hook->do_action()
#6 /home/sdsons/public_html/wp-cron.php(191): do_action_ref_array()
#7 {main}
  thrown in /home/sdsons/public_html/wp-content/plugins/woocommerce/packages/action-scheduler/classes/data-stores/ActionScheduler_DBStore.php on line 907

2023-10-05T14:21:48+00:00 CRITICAL Uncaught Error: Failed opening required '/home/sdsons/public_html/wp-content/plugins/woocommerce/packages/action-scheduler/deprecated/functions.php' (include_path='.:/opt/alt/php80/usr/share/pear:/opt/alt/php80/usr/share/php:/usr/share/pear:/usr/share/php') in /home/sdsons/public_html/wp-content/plugins/woocommerce/packages/action-scheduler/classes/abstracts/ActionScheduler.php:194
Stack trace:
#0 /home/sdsons/public_html/wp-content/plugins/woocommerce/packages/action-scheduler/action-scheduler.php(55): ActionScheduler::init()
#1 /home/sdsons/public_html/wp-content/plugins/woocommerce/packages/action-scheduler/classes/ActionScheduler_Versions.php(59): action_scheduler_initialize_3_dot_6_dot_1()
#2 /home/sdsons/public_html/wp-includes/class-wp-hook.php(308): ActionScheduler_Versions::initialize_latest_version()
#3 /home/sdsons/public_html/wp-includes/class-wp-hook.php(334): WP_Hook->apply_filters()
#4 /home/sdsons/public_html/wp-includes/plugin.php(517): WP_Hook->do_action()
#5 /home/sdsons/public_html/wp-settings.php(495): do_action()
#6 /home/sdsons/public_html/wp-config.php(100): require_once('/home/sdsons/pu...')
#7 /home/sdsons/public_html/wp-load.php(50): require_once('/home/sdsons/pu...')
#8 /home/sdsons/public_html/wp-blog-header.php(13): require_once('/home/sdsons/pu...')
#9 /home/sdsons/public_html/index.php(17): require('/home/sdsons/pu...')
#10 {main}
  thrown in /home/sdsons/public_html/wp-content/plugins/woocommerce/packages/action-scheduler/classes/abstracts/ActionScheduler.php on line 194

2023-10-05T14:21:56+00:00 CRITICAL Uncaught Error: Failed opening required '/home/sdsons/public_html/wp-content/plugins/wp-rocket/inc/deprecated/Engine/Optimization/QueryString/Remove.php' (include_path='.:/opt/alt/php80/usr/share/pear:/opt/alt/php80/usr/share/php:/usr/share/pear:/usr/share/php') in /home/sdsons/public_html/wp-content/plugins/wp-rocket/inc/deprecated/3.6.php:9
Stack trace:
#0 /home/sdsons/public_html/wp-content/plugins/wp-rocket/inc/main.php(65): require()
#1 /home/sdsons/public_html/wp-includes/class-wp-hook.php(310): rocket_init()
#2 /home/sdsons/public_html/wp-includes/class-wp-hook.php(334): WP_Hook->apply_filters()
#3 /home/sdsons/public_html/wp-includes/plugin.php(517): WP_Hook->do_action()
#4 /home/sdsons/public_html/wp-settings.php(495): do_action()
#5 /home/sdsons/public_html/wp-config.php(100): require_once('/home/sdsons/pu...')
#6 /home/sdsons/public_html/wp-load.php(50): require_once('/home/sdsons/pu...')
#7 /home/sdsons/public_html/wp-blog-header.php(13): require_once('/home/sdsons/pu...')
#8 /home/sdsons/public_html/index.php(17): require('/home/sdsons/pu...')
#9 {main}
  thrown in /home/sdsons/public_html/wp-content/plugins/wp-rocket/inc/deprecated/3.6.php on line 9

2023-10-05T14:21:56+00:00 CRITICAL Uncaught Error: Failed opening required '/home/sdsons/public_html/wp-content/plugins/wp-rocket/inc/deprecated/Engine/Optimization/QueryString/Remove.php' (include_path='.:/opt/alt/php80/usr/share/pear:/opt/alt/php80/usr/share/php:/usr/share/pear:/usr/share/php') in /home/sdsons/public_html/wp-content/plugins/wp-rocket/inc/deprecated/3.6.php:9
Stack trace:
#0 /home/sdsons/public_html/wp-content/plugins/wp-rocket/inc/main.php(65): require()
#1 /home/sdsons/public_html/wp-includes/class-wp-hook.php(310): rocket_init()
#2 /home/sdsons/public_html/wp-includes/class-wp-hook.php(334): WP_Hook->apply_filters()
#3 /home/sdsons/public_html/wp-includes/plugin.php(517): WP_Hook->do_action()
#4 /home/sdsons/public_html/wp-settings.php(495): do_action()
#5 /home/sdsons/public_html/wp-config.php(100): require_once('/home/sdsons/pu...')
#6 /home/sdsons/public_html/wp-load.php(50): require_once('/home/sdsons/pu...')
#7 /home/sdsons/public_html/wp-blog-header.php(13): require_once('/home/sdsons/pu...')
#8 /home/sdsons/public_html/index.php(17): require('/home/sdsons/pu...')
#9 {main}
  thrown in /home/sdsons/public_html/wp-content/plugins/wp-rocket/inc/deprecated/3.6.php on line 9

2023-10-05T14:21:56+00:00 CRITICAL Uncaught Error: Failed opening required '/home/sdsons/public_html/wp-content/plugins/wp-rocket/inc/deprecated/Engine/Optimization/QueryString/Remove.php' (include_path='.:/opt/alt/php80/usr/share/pear:/opt/alt/php80/usr/share/php:/usr/share/pear:/usr/share/php') in /home/sdsons/public_html/wp-content/plugins/wp-rocket/inc/deprecated/3.6.php:9
Stack trace:
#0 /home/sdsons/public_html/wp-content/plugins/wp-rocket/inc/main.php(65): require()
#1 /home/sdsons/public_html/wp-includes/class-wp-hook.php(310): rocket_init()
#2 /home/sdsons/public_html/wp-includes/class-wp-hook.php(334): WP_Hook->apply_filters()
#3 /home/sdsons/public_html/wp-includes/plugin.php(517): WP_Hook->do_action()
#4 /home/sdsons/public_html/wp-settings.php(495): do_action()
#5 /home/sdsons/public_html/wp-config.php(100): require_once('/home/sdsons/pu...')
#6 /home/sdsons/public_html/wp-load.php(50): require_once('/home/sdsons/pu...')
#7 /home/sdsons/public_html/wp-blog-header.php(13): require_once('/home/sdsons/pu...')
#8 /home/sdsons/public_html/index.php(17): require('/home/sdsons/pu...')
#9 {main}
  thrown in /home/sdsons/public_html/wp-content/plugins/wp-rocket/inc/deprecated/3.6.php on line 9

2023-10-05T14:22:09+00:00 CRITICAL Uncaught Error: Interface "WP_Rocket\Dependencies\League\Container\ServiceProvider\BootableServiceProviderInterface" not found in /home/sdsons/public_html/wp-content/plugins/wp-rocket/inc/ThirdParty/Hostings/ServiceProvider.php:15
Stack trace:
#0 /home/sdsons/public_html/wp-content/plugins/webp-converter-for-media/vendor/composer/ClassLoader.php(582): include()
#1 /home/sdsons/public_html/wp-content/plugins/webp-converter-for-media/vendor/composer/ClassLoader.php(433): Composer\Autoload\{closure}()
#2 [internal function]: Composer\Autoload\ClassLoader->loadClass()
#3 /home/sdsons/public_html/wp-content/plugins/wp-rocket/inc/Dependencies/League/Container/ServiceProvider/ServiceProviderAggregate.php(30): class_exists()
#4 /home/sdsons/public_html/wp-content/plugins/wp-rocket/inc/Dependencies/League/Container/Container.php(146): WP_Rocket\Dependencies\League\Container\ServiceProvider\ServiceProviderAggregate->add()
#5 /home/sdsons/public_html/wp-content/plugins/wp-rocket/inc/Plugin.php(266): WP_Rocket\Dependencies\League\Container\Container->addServiceProvider()
#6 /home/sdsons/public_html/wp-content/plugins/wp-rocket/inc/Plugin.php(166): WP_Rocket\Plugin->init_common_subscribers()
#7 /home/sdsons/public_html/wp-content/plugins/wp-rocket/inc/Plugin.php(145): WP_Rocket\Plugin->get_subscribers()
#8 /home/sdsons/public_html/wp-content/plugins/wp-rocket/inc/main.php(50): WP_Rocket\Plugin->load()
#9 /home/sdsons/public_html/wp-includes/class-wp-hook.php(310): rocket_init()
#10 /home/sdsons/public_html/wp-includes/class-wp-hook.php(334): WP_Hook->apply_filters()
#11 /home/sdsons/public_html/wp-includes/plugin.php(517): WP_Hook->do_action()
#12 /home/sdsons/public_html/wp-settings.php(495): do_action()
#13 /home/sdsons/public_html/wp-config.php(100): require_once('/home/sdsons/pu...')
#14 /home/sdsons/public_html/wp-load.php(50): require_once('/home/sdsons/pu...')
#15 /home/sdsons/public_html/wp-blog-header.php(13): require_once('/home/sdsons/pu...')
#16 /home/sdsons/public_html/index.php(17): require('/home/sdsons/pu...')
#17 {main}
  thrown in /home/sdsons/public_html/wp-content/plugins/wp-rocket/inc/ThirdParty/Hostings/ServiceProvider.php on line 15

2023-10-05T14:22:09+00:00 CRITICAL Uncaught Error: Interface "WP_Rocket\Dependencies\League\Container\ServiceProvider\BootableServiceProviderInterface" not found in /home/sdsons/public_html/wp-content/plugins/wp-rocket/inc/ThirdParty/Hostings/ServiceProvider.php:15
Stack trace:
#0 /home/sdsons/public_html/wp-content/plugins/webp-converter-for-media/vendor/composer/ClassLoader.php(582): include()
#1 /home/sdsons/public_html/wp-content/plugins/webp-converter-for-media/vendor/composer/ClassLoader.php(433): Composer\Autoload\{closure}()
#2 [internal function]: Composer\Autoload\ClassLoader->loadClass()
#3 /home/sdsons/public_html/wp-content/plugins/wp-rocket/inc/Dependencies/League/Container/ServiceProvider/ServiceProviderAggregate.php(30): class_exists()
#4 /home/sdsons/public_html/wp-content/plugins/wp-rocket/inc/Dependencies/League/Container/Container.php(146): WP_Rocket\Dependencies\League\Container\ServiceProvider\ServiceProviderAggregate->add()
#5 /home/sdsons/public_html/wp-content/plugins/wp-rocket/inc/Plugin.php(266): WP_Rocket\Dependencies\League\Container\Container->addServiceProvider()
#6 /home/sdsons/public_html/wp-content/plugins/wp-rocket/inc/Plugin.php(166): WP_Rocket\Plugin->init_common_subscribers()
#7 /home/sdsons/public_html/wp-content/plugins/wp-rocket/inc/Plugin.php(145): WP_Rocket\Plugin->get_subscribers()
#8 /home/sdsons/public_html/wp-content/plugins/wp-rocket/inc/main.php(50): WP_Rocket\Plugin->load()
#9 /home/sdsons/public_html/wp-includes/class-wp-hook.php(310): rocket_init()
#10 /home/sdsons/public_html/wp-includes/class-wp-hook.php(334): WP_Hook->apply_filters()
#11 /home/sdsons/public_html/wp-includes/plugin.php(517): WP_Hook->do_action()
#12 /home/sdsons/public_html/wp-settings.php(495): do_action()
#13 /home/sdsons/public_html/wp-config.php(100): require_once('/home/sdsons/pu...')
#14 /home/sdsons/public_html/wp-load.php(50): require_once('/home/sdsons/pu...')
#15 /home/sdsons/public_html/wp-blog-header.php(13): require_once('/home/sdsons/pu...')
#16 /home/sdsons/public_html/index.php(17): require('/home/sdsons/pu...')
#17 {main}
  thrown in /home/sdsons/public_html/wp-content/plugins/wp-rocket/inc/ThirdParty/Hostings/ServiceProvider.php on line 15

2023-10-05T14:22:09+00:00 CRITICAL Uncaught Error: Interface "WP_Rocket\Dependencies\League\Container\ServiceProvider\BootableServiceProviderInterface" not found in /home/sdsons/public_html/wp-content/plugins/wp-rocket/inc/ThirdParty/Hostings/ServiceProvider.php:15
Stack trace:
#0 /home/sdsons/public_html/wp-content/plugins/webp-converter-for-media/vendor/composer/ClassLoader.php(582): include()
#1 /home/sdsons/public_html/wp-content/plugins/webp-converter-for-media/vendor/composer/ClassLoader.php(433): Composer\Autoload\{closure}()
#2 [internal function]: Composer\Autoload\ClassLoader->loadClass()
#3 /home/sdsons/public_html/wp-content/plugins/wp-rocket/inc/Dependencies/League/Container/ServiceProvider/ServiceProviderAggregate.php(30): class_exists()
#4 /home/sdsons/public_html/wp-content/plugins/wp-rocket/inc/Dependencies/League/Container/Container.php(146): WP_Rocket\Dependencies\League\Container\ServiceProvider\ServiceProviderAggregate->add()
#5 /home/sdsons/public_html/wp-content/plugins/wp-rocket/inc/Plugin.php(266): WP_Rocket\Dependencies\League\Container\Container->addServiceProvider()
#6 /home/sdsons/public_html/wp-content/plugins/wp-rocket/inc/Plugin.php(166): WP_Rocket\Plugin->init_common_subscribers()
#7 /home/sdsons/public_html/wp-content/plugins/wp-rocket/inc/Plugin.php(145): WP_Rocket\Plugin->get_subscribers()
#8 /home/sdsons/public_html/wp-content/plugins/wp-rocket/inc/main.php(50): WP_Rocket\Plugin->load()
#9 /home/sdsons/public_html/wp-includes/class-wp-hook.php(310): rocket_init()
#10 /home/sdsons/public_html/wp-includes/class-wp-hook.php(334): WP_Hook->apply_filters()
#11 /home/sdsons/public_html/wp-includes/plugin.php(517): WP_Hook->do_action()
#12 /home/sdsons/public_html/wp-settings.php(495): do_action()
#13 /home/sdsons/public_html/wp-config.php(100): require_once('/home/sdsons/pu...')
#14 /home/sdsons/public_html/wp-load.php(50): require_once('/home/sdsons/pu...')
#15 /home/sdsons/public_html/wp-blog-header.php(13): require_once('/home/sdsons/pu...')
#16 /home/sdsons/public_html/index.php(17): require('/home/sdsons/pu...')
#17 {main}
  thrown in /home/sdsons/public_html/wp-content/plugins/wp-rocket/inc/ThirdParty/Hostings/ServiceProvider.php on line 15

2023-10-05T14:22:09+00:00 CRITICAL Uncaught Error: Interface "WP_Rocket\Dependencies\League\Container\ServiceProvider\BootableServiceProviderInterface" not found in /home/sdsons/public_html/wp-content/plugins/wp-rocket/inc/ThirdParty/Hostings/ServiceProvider.php:15
Stack trace:
#0 /home/sdsons/public_html/wp-content/plugins/webp-converter-for-media/vendor/composer/ClassLoader.php(582): include()
#1 /home/sdsons/public_html/wp-content/plugins/webp-converter-for-media/vendor/composer/ClassLoader.php(433): Composer\Autoload\{closure}()
#2 [internal function]: Composer\Autoload\ClassLoader->loadClass()
#3 /home/sdsons/public_html/wp-content/plugins/wp-rocket/inc/Dependencies/League/Container/ServiceProvider/ServiceProviderAggregate.php(30): class_exists()
#4 /home/sdsons/public_html/wp-content/plugins/wp-rocket/inc/Dependencies/League/Container/Container.php(146): WP_Rocket\Dependencies\League\Container\ServiceProvider\ServiceProviderAggregate->add()
#5 /home/sdsons/public_html/wp-content/plugins/wp-rocket/inc/Plugin.php(266): WP_Rocket\Dependencies\League\Container\Container->addServiceProvider()
#6 /home/sdsons/public_html/wp-content/plugins/wp-rocket/inc/Plugin.php(166): WP_Rocket\Plugin->init_common_subscribers()
#7 /home/sdsons/public_html/wp-content/plugins/wp-rocket/inc/Plugin.php(145): WP_Rocket\Plugin->get_subscribers()
#8 /home/sdsons/public_html/wp-content/plugins/wp-rocket/inc/main.php(50): WP_Rocket\Plugin->load()
#9 /home/sdsons/public_html/wp-includes/class-wp-hook.php(310): rocket_init()
#10 /home/sdsons/public_html/wp-includes/class-wp-hook.php(334): WP_Hook->apply_filters()
#11 /home/sdsons/public_html/wp-includes/plugin.php(517): WP_Hook->do_action()
#12 /home/sdsons/public_html/wp-settings.php(495): do_action()
#13 /home/sdsons/public_html/wp-config.php(100): require_once('/home/sdsons/pu...')
#14 /home/sdsons/public_html/wp-load.php(50): require_once('/home/sdsons/pu...')
#15 /home/sdsons/public_html/wp-blog-header.php(13): require_once('/home/sdsons/pu...')
#16 /home/sdsons/public_html/index.php(17): require('/home/sdsons/pu...')
#17 {main}
  thrown in /home/sdsons/public_html/wp-content/plugins/wp-rocket/inc/ThirdParty/Hostings/ServiceProvider.php on line 15

2023-10-05T14:22:38+00:00 CRITICAL Uncaught TypeError: WP_Rocket\Event_Management\Event_Manager::add_subscriber(): Argument #1 ($subscriber) must be of type WP_Rocket\Event_Management\Subscriber_Interface, string given, called in /home/sdsons/public_html/wp-content/plugins/wp-rocket/inc/Plugin.php on line 146 and defined in /home/sdsons/public_html/wp-content/plugins/wp-rocket/inc/classes/event-management/class-event-manager.php:33
Stack trace:
#0 /home/sdsons/public_html/wp-content/plugins/wp-rocket/inc/Plugin.php(146): WP_Rocket\Event_Management\Event_Manager->add_subscriber()
#1 /home/sdsons/public_html/wp-content/plugins/wp-rocket/inc/main.php(50): WP_Rocket\Plugin->load()
#2 /home/sdsons/public_html/wp-includes/class-wp-hook.php(310): rocket_init()
#3 /home/sdsons/public_html/wp-includes/class-wp-hook.php(334): WP_Hook->apply_filters()
#4 /home/sdsons/public_html/wp-includes/plugin.php(517): WP_Hook->do_action()
#5 /home/sdsons/public_html/wp-settings.php(495): do_action()
#6 /home/sdsons/public_html/wp-config.php(100): require_once('/home/sdsons/pu...')
#7 /home/sdsons/public_html/wp-load.php(50): require_once('/home/sdsons/pu...')
#8 /home/sdsons/public_html/wp-blog-header.php(13): require_once('/home/sdsons/pu...')
#9 /home/sdsons/public_html/index.php(17): require('/home/sdsons/pu...')
#10 {main}
  thrown in /home/sdsons/public_html/wp-content/plugins/wp-rocket/inc/classes/event-management/class-event-manager.php on line 33

2023-10-05T14:22:45+00:00 CRITICAL Uncaught Error: Failed opening required '/home/sdsons/public_html/wp-content/plugins/woo-variation-swatches/includes/class-woo-variation-swatches-wc-api-response.php' (include_path='.:/opt/alt/php80/usr/share/pear:/opt/alt/php80/usr/share/php:/usr/share/pear:/usr/share/php') in /home/sdsons/public_html/wp-content/plugins/woo-variation-swatches/includes/class-woo-variation-swatches-backend.php:36
Stack trace:
#0 /home/sdsons/public_html/wp-content/plugins/woo-variation-swatches/includes/class-woo-variation-swatches-backend.php(12): Woo_Variation_Swatches_Backend->includes()
#1 /home/sdsons/public_html/wp-content/plugins/woo-variation-swatches/includes/class-woo-variation-swatches-backend.php(20): Woo_Variation_Swatches_Backend->__construct()
#2 /home/sdsons/public_html/wp-content/plugins/woo-variation-swatches/includes/class-woo-variation-swatches.php(65): Woo_Variation_Swatches_Backend::instance()
#3 /home/sdsons/public_html/wp-content/plugins/woo-variation-swatches/includes/class-woo-variation-swatches.php(56): Woo_Variation_Swatches->get_backend()
#4 /home/sdsons/public_html/wp-content/plugins/woo-variation-swatches/includes/class-woo-variation-swatches.php(14): Woo_Variation_Swatches->init()
#5 /home/sdsons/public_html/wp-content/plugins/woo-variation-swatches/includes/class-woo-variation-swatches.php(30): Woo_Variation_Swatches->__construct()
#6 /home/sdsons/public_html/wp-content/plugins/woo-variation-swatches/woo-variation-swatches.php(70): Woo_Variation_Swatches::instance()
#7 /home/sdsons/public_html/wp-includes/class-wp-hook.php(310): woo_variation_swatches()
#8 /home/sdsons/public_html/wp-includes/class-wp-hook.php(334): WP_Hook->apply_filters()
#9 /home/sdsons/public_html/wp-includes/plugin.php(517): WP_Hook->do_action()
#10 /home/sdsons/public_html/wp-settings.php(495): do_action()
#11 /home/sdsons/public_html/wp-config.php(100): require_once('/home/sdsons/pu...')
#12 /home/sdsons/public_html/wp-load.php(50): require_once('/home/sdsons/pu...')
#13 /home/sdsons/public_html/wp-blog-header.php(13): require_once('/home/sdsons/pu...')
#14 /home/sdsons/public_html/index.php(17): require('/home/sdsons/pu...')
#15 {main}
  thrown in /home/sdsons/public_html/wp-content/plugins/woo-variation-swatches/includes/class-woo-variation-swatches-backend.php on line 36

2023-10-05T14:22:45+00:00 CRITICAL Uncaught Error: Failed opening required '/home/sdsons/public_html/wp-content/plugins/woo-variation-swatches/includes/class-woo-variation-swatches-wc-api-response.php' (include_path='.:/opt/alt/php80/usr/share/pear:/opt/alt/php80/usr/share/php:/usr/share/pear:/usr/share/php') in /home/sdsons/public_html/wp-content/plugins/woo-variation-swatches/includes/class-woo-variation-swatches-backend.php:36
Stack trace:
#0 /home/sdsons/public_html/wp-content/plugins/woo-variation-swatches/includes/class-woo-variation-swatches-backend.php(12): Woo_Variation_Swatches_Backend->includes()
#1 /home/sdsons/public_html/wp-content/plugins/woo-variation-swatches/includes/class-woo-variation-swatches-backend.php(20): Woo_Variation_Swatches_Backend->__construct()
#2 /home/sdsons/public_html/wp-content/plugins/woo-variation-swatches/includes/class-woo-variation-swatches.php(65): Woo_Variation_Swatches_Backend::instance()
#3 /home/sdsons/public_html/wp-content/plugins/woo-variation-swatches/includes/class-woo-variation-swatches.php(56): Woo_Variation_Swatches->get_backend()
#4 /home/sdsons/public_html/wp-content/plugins/woo-variation-swatches/includes/class-woo-variation-swatches.php(14): Woo_Variation_Swatches->init()
#5 /home/sdsons/public_html/wp-content/plugins/woo-variation-swatches/includes/class-woo-variation-swatches.php(30): Woo_Variation_Swatches->__construct()
#6 /home/sdsons/public_html/wp-content/plugins/woo-variation-swatches/woo-variation-swatches.php(70): Woo_Variation_Swatches::instance()
#7 /home/sdsons/public_html/wp-includes/class-wp-hook.php(310): woo_variation_swatches()
#8 /home/sdsons/public_html/wp-includes/class-wp-hook.php(334): WP_Hook->apply_filters()
#9 /home/sdsons/public_html/wp-includes/plugin.php(517): WP_Hook->do_action()
#10 /home/sdsons/public_html/wp-settings.php(495): do_action()
#11 /home/sdsons/public_html/wp-config.php(100): require_once('/home/sdsons/pu...')
#12 /home/sdsons/public_html/wp-load.php(50): require_once('/home/sdsons/pu...')
#13 /home/sdsons/public_html/wp-blog-header.php(13): require_once('/home/sdsons/pu...')
#14 /home/sdsons/public_html/index.php(17): require('/home/sdsons/pu...')
#15 {main}
  thrown in /home/sdsons/public_html/wp-content/plugins/woo-variation-swatches/includes/class-woo-variation-swatches-backend.php on line 36

2023-10-05T14:22:49+00:00 CRITICAL Uncaught Error: Failed opening required '/home/sdsons/public_html/wp-content/plugins/woocommerce/src/Admin/API/Reports/Customers/DataStore.php' (include_path='.:/opt/alt/php80/usr/share/pear:/opt/alt/php80/usr/share/php:/usr/share/pear:/usr/share/php') in /home/sdsons/public_html/wp-content/plugins/woocommerce/vendor/jetpack-autoloader/class-php-autoloader.php:90
Stack trace:
#0 /home/sdsons/public_html/wp-content/plugins/woocommerce/src/Internal/Admin/Schedulers/CustomersScheduler.php(30): Automattic\Jetpack\Autoloader\jp758492a03acc6cf92e8bd74d1b199912\PHP_Autoloader::load_class()
#1 /home/sdsons/public_html/wp-content/plugins/woocommerce/src/Admin/ReportsSync.php(24): Automattic\WooCommerce\Internal\Admin\Schedulers\CustomersScheduler::init()
#2 /home/sdsons/public_html/wp-content/plugins/woocommerce/src/Internal/Admin/FeaturePlugin.php(166): Automattic\WooCommerce\Admin\ReportsSync::init()
#3 /home/sdsons/public_html/wp-content/plugins/woocommerce/src/Internal/Admin/FeaturePlugin.php(99): Automattic\WooCommerce\Internal\Admin\FeaturePlugin->includes()
#4 /home/sdsons/public_html/wp-content/plugins/woocommerce/src/Internal/Admin/FeaturePlugin.php(82): Automattic\WooCommerce\Internal\Admin\FeaturePlugin->on_plugins_loaded()
#5 /home/sdsons/public_html/wp-content/plugins/woocommerce/src/Admin/Composer/Package.php(65): Automattic\WooCommerce\Internal\Admin\FeaturePlugin->init()
#6 /home/sdsons/public_html/wp-content/plugins/woocommerce/src/Packages.php(64): Automattic\WooCommerce\Admin\Composer\Package::init()
#7 /home/sdsons/public_html/wp-content/plugins/woocommerce/src/Packages.php(44): Automattic\WooCommerce\Packages::load_packages()
#8 /home/sdsons/public_html/wp-includes/class-wp-hook.php(310): Automattic\WooCommerce\Packages::on_init()
#9 /home/sdsons/public_html/wp-includes/class-wp-hook.php(334): WP_Hook->apply_filters()
#10 /home/sdsons/public_html/wp-includes/plugin.php(517): WP_Hook->do_action()
#11 /home/sdsons/public_html/wp-settings.php(495): do_action()
#12 /home/sdsons/public_html/wp-config.php(100): require_once('/home/sdsons/pu...')
#13 /home/sdsons/public_html/wp-load.php(50): require_once('/home/sdsons/pu...')
#14 /home/sdsons/public_html/wp-blog-header.php(13): require_once('/home/sdsons/pu...')
#15 /home/sdsons/public_html/index.php(17): require('/home/sdsons/pu...')
#16 {main}
  thrown in /home/sdsons/public_html/wp-content/plugins/woocommerce/vendor/jetpack-autoloader/class-php-autoloader.php on line 90

2023-10-05T14:23:00+00:00 CRITICAL Uncaught Error: Class "WP_Rocket\Plugin" not found in /home/sdsons/public_html/wp-content/plugins/wp-rocket/inc/main.php:46
Stack trace:
#0 /home/sdsons/public_html/wp-includes/class-wp-hook.php(310): rocket_init()
#1 /home/sdsons/public_html/wp-includes/class-wp-hook.php(334): WP_Hook->apply_filters()
#2 /home/sdsons/public_html/wp-includes/plugin.php(517): WP_Hook->do_action()
#3 /home/sdsons/public_html/wp-settings.php(495): do_action()
#4 /home/sdsons/public_html/wp-config.php(100): require_once('/home/sdsons/pu...')
#5 /home/sdsons/public_html/wp-load.php(50): require_once('/home/sdsons/pu...')
#6 /home/sdsons/public_html/wp-blog-header.php(13): require_once('/home/sdsons/pu...')
#7 /home/sdsons/public_html/index.php(17): require('/home/sdsons/pu...')
#8 {main}
  thrown in /home/sdsons/public_html/wp-content/plugins/wp-rocket/inc/main.php on line 46

2023-10-05T14:23:04+00:00 CRITICAL Uncaught WP_Rocket\Dependencies\League\Container\Exception\ContainerException: A service provider must be a fully qualified class name or instance of (\WP_Rocket\Dependencies\League\Container\ServiceProvider\ServiceProviderInterface) in /home/sdsons/public_html/wp-content/plugins/wp-rocket/inc/Dependencies/League/Container/ServiceProvider/ServiceProviderAggregate.php:52
Stack trace:
#0 /home/sdsons/public_html/wp-content/plugins/wp-rocket/inc/Dependencies/League/Container/Container.php(146): WP_Rocket\Dependencies\League\Container\ServiceProvider\ServiceProviderAggregate->add()
#1 /home/sdsons/public_html/wp-content/plugins/wp-rocket/inc/Plugin.php(136): WP_Rocket\Dependencies\League\Container\Container->addServiceProvider()
#2 /home/sdsons/public_html/wp-content/plugins/wp-rocket/inc/main.php(50): WP_Rocket\Plugin->load()
#3 /home/sdsons/public_html/wp-includes/class-wp-hook.php(310): rocket_init()
#4 /home/sdsons/public_html/wp-includes/class-wp-hook.php(334): WP_Hook->apply_filters()
#5 /home/sdsons/public_html/wp-includes/plugin.php(517): WP_Hook->do_action()
#6 /home/sdsons/public_html/wp-settings.php(495): do_action()
#7 /home/sdsons/public_html/wp-config.php(100): require_once('/home/sdsons/pu...')
#8 /home/sdsons/public_html/wp-load.php(50): require_once('/home/sdsons/pu...')
#9 /home/sdsons/public_html/wp-blog-header.php(13): require_once('/home/sdsons/pu...')
#10 /home/sdsons/public_html/index.php(17): require('/home/sdsons/pu...')
#11 {main}
  thrown in /home/sdsons/public_html/wp-content/plugins/wp-rocket/inc/Dependencies/League/Container/ServiceProvider/ServiceProviderAggregate.php on line 52

2023-10-05T14:23:37+00:00 CRITICAL Uncaught Error: Failed opening required '/home/sdsons/public_html/wp-content/plugins/woocommerce/src/Internal/Admin/Notes/WooCommercePayments.php' (include_path='.:/opt/alt/php80/usr/share/pear:/opt/alt/php80/usr/share/php:/usr/share/pear:/usr/share/php') in /home/sdsons/public_html/wp-content/plugins/woocommerce/vendor/jetpack-autoloader/class-php-autoloader.php:90
Stack trace:
#0 /home/sdsons/public_html/wp-content/plugins/woocommerce/src/Internal/Admin/FeaturePlugin.php(178): Automattic\Jetpack\Autoloader\jp758492a03acc6cf92e8bd74d1b199912\PHP_Autoloader::load_class()
#1 /home/sdsons/public_html/wp-content/plugins/woocommerce/src/Internal/Admin/FeaturePlugin.php(99): Automattic\WooCommerce\Internal\Admin\FeaturePlugin->includes()
#2 /home/sdsons/public_html/wp-content/plugins/woocommerce/src/Internal/Admin/FeaturePlugin.php(82): Automattic\WooCommerce\Internal\Admin\FeaturePlugin->on_plugins_loaded()
#3 /home/sdsons/public_html/wp-content/plugins/woocommerce/src/Admin/Composer/Package.php(65): Automattic\WooCommerce\Internal\Admin\FeaturePlugin->init()
#4 /home/sdsons/public_html/wp-content/plugins/woocommerce/src/Packages.php(64): Automattic\WooCommerce\Admin\Composer\Package::init()
#5 /home/sdsons/public_html/wp-content/plugins/woocommerce/src/Packages.php(44): Automattic\WooCommerce\Packages::load_packages()
#6 /home/sdsons/public_html/wp-includes/class-wp-hook.php(310): Automattic\WooCommerce\Packages::on_init()
#7 /home/sdsons/public_html/wp-includes/class-wp-hook.php(334): WP_Hook->apply_filters()
#8 /home/sdsons/public_html/wp-includes/plugin.php(517): WP_Hook->do_action()
#9 /home/sdsons/public_html/wp-settings.php(495): do_action()
#10 /home/sdsons/public_html/wp-config.php(100): require_once('/home/sdsons/pu...')
#11 /home/sdsons/public_html/wp-load.php(50): require_once('/home/sdsons/pu...')
#12 /home/sdsons/public_html/wp-blog-header.php(13): require_once('/home/sdsons/pu...')
#13 /home/sdsons/public_html/index.php(17): require('/home/sdsons/pu...')
#14 {main}
  thrown in /home/sdsons/public_html/wp-content/plugins/woocommerce/vendor/jetpack-autoloader/class-php-autoloader.php on line 90

2023-10-05T14:23:44+00:00 CRITICAL Uncaught Error: Class "Yoast_Notification_Center" not found in /home/sdsons/public_html/wp-content/plugins/wordpress-seo/wp-seo-main.php:461
Stack trace:
#0 /home/sdsons/public_html/wp-includes/class-wp-hook.php(310): load_yoast_notifications()
#1 /home/sdsons/public_html/wp-includes/class-wp-hook.php(334): WP_Hook->apply_filters()
#2 /home/sdsons/public_html/wp-includes/plugin.php(517): WP_Hook->do_action()
#3 /home/sdsons/public_html/wp-settings.php(495): do_action()
#4 /home/sdsons/public_html/wp-config.php(100): require_once('/home/sdsons/pu...')
#5 /home/sdsons/public_html/wp-load.php(50): require_once('/home/sdsons/pu...')
#6 /home/sdsons/public_html/wp-blog-header.php(13): require_once('/home/sdsons/pu...')
#7 /home/sdsons/public_html/index.php(17): require('/home/sdsons/pu...')
#8 {main}
  thrown in /home/sdsons/public_html/wp-content/plugins/wordpress-seo/wp-seo-main.php on line 461

2023-10-05T14:23:44+00:00 CRITICAL Uncaught Error: Failed opening required '/home/sdsons/public_html/wp-content/plugins/wp-rocket/inc/common/purge.php' (include_path='.:/opt/alt/php80/usr/share/pear:/opt/alt/php80/usr/share/php:/usr/share/pear:/usr/share/php') in /home/sdsons/public_html/wp-content/plugins/wp-rocket/inc/main.php:77
Stack trace:
#0 /home/sdsons/public_html/wp-includes/class-wp-hook.php(310): rocket_init()
#1 /home/sdsons/public_html/wp-includes/class-wp-hook.php(334): WP_Hook->apply_filters()
#2 /home/sdsons/public_html/wp-includes/plugin.php(517): WP_Hook->do_action()
#3 /home/sdsons/public_html/wp-settings.php(495): do_action()
#4 /home/sdsons/public_html/wp-config.php(100): require_once('/home/sdsons/pu...')
#5 /home/sdsons/public_html/wp-load.php(50): require_once('/home/sdsons/pu...')
#6 /home/sdsons/public_html/wp-blog-header.php(13): require_once('/home/sdsons/pu...')
#7 /home/sdsons/public_html/index.php(17): require('/home/sdsons/pu...')
#8 {main}
  thrown in /home/sdsons/public_html/wp-content/plugins/wp-rocket/inc/main.php on line 77

2023-10-05T14:23:55+00:00 CRITICAL Uncaught TypeError: WP_Rocket\Engine\Preload\Subscriber::__construct(): Argument #4 ($activation) must be of type WP_Rocket\Engine\Preload\Activation\Activation, string given in /home/sdsons/public_html/wp-content/plugins/wp-rocket/inc/Engine/Preload/Subscriber.php:80
Stack trace:
#0 [internal function]: WP_Rocket\Engine\Preload\Subscriber->__construct()
#1 /home/sdsons/public_html/wp-content/plugins/wp-rocket/inc/Dependencies/League/Container/Definition/Definition.php(256): ReflectionClass->newInstanceArgs()
#2 /home/sdsons/public_html/wp-content/plugins/wp-rocket/inc/Dependencies/League/Container/Definition/Definition.php(212): WP_Rocket\Dependencies\League\Container\Definition\Definition->resolveClass()
#3 /home/sdsons/public_html/wp-content/plugins/wp-rocket/inc/Dependencies/League/Container/Definition/DefinitionAggregate.php(94): WP_Rocket\Dependencies\League\Container\Definition\Definition->resolve()
#4 /home/sdsons/public_html/wp-content/plugins/wp-rocket/inc/Dependencies/League/Container/Container.php(157): WP_Rocket\Dependencies\League\Container\Definition\DefinitionAggregate->resolve()
#5 /home/sdsons/public_html/wp-content/plugins/wp-rocket/inc/Plugin.php(146): WP_Rocket\Dependencies\League\Container\Container->get()
#6 /home/sdsons/public_html/wp-content/plugins/wp-rocket/inc/main.php(50): WP_Rocket\Plugin->load()
#7 /home/sdsons/public_html/wp-includes/class-wp-hook.php(310): rocket_init()
#8 /home/sdsons/public_html/wp-includes/class-wp-hook.php(334): WP_Hook->apply_filters()
#9 /home/sdsons/public_html/wp-includes/plugin.php(517): WP_Hook->do_action()
#10 /home/sdsons/public_html/wp-settings.php(495): do_action()
#11 /home/sdsons/public_html/wp-config.php(100): require_once('/home/sdsons/pu...')
#12 /home/sdsons/public_html/wp-load.php(50): require_once('/home/sdsons/pu...')
#13 /home/sdsons/public_html/wp-blog-header.php(13): require_once('/home/sdsons/pu...')
#14 /home/sdsons/public_html/index.php(17): require('/home/sdsons/pu...')
#15 {main}
  thrown in /home/sdsons/public_html/wp-content/plugins/wp-rocket/inc/Engine/Preload/Subscriber.php on line 80

2023-10-05T14:23:55+00:00 CRITICAL Uncaught TypeError: WP_Rocket\Engine\Preload\Subscriber::__construct(): Argument #6 ($clear_cache) must be of type WP_Rocket\Engine\Preload\Controller\ClearCache, string given in /home/sdsons/public_html/wp-content/plugins/wp-rocket/inc/Engine/Preload/Subscriber.php:80
Stack trace:
#0 [internal function]: WP_Rocket\Engine\Preload\Subscriber->__construct()
#1 /home/sdsons/public_html/wp-content/plugins/wp-rocket/inc/Dependencies/League/Container/Definition/Definition.php(256): ReflectionClass->newInstanceArgs()
#2 /home/sdsons/public_html/wp-content/plugins/wp-rocket/inc/Dependencies/League/Container/Definition/Definition.php(212): WP_Rocket\Dependencies\League\Container\Definition\Definition->resolveClass()
#3 /home/sdsons/public_html/wp-content/plugins/wp-rocket/inc/Dependencies/League/Container/Definition/DefinitionAggregate.php(94): WP_Rocket\Dependencies\League\Container\Definition\Definition->resolve()
#4 /home/sdsons/public_html/wp-content/plugins/wp-rocket/inc/Dependencies/League/Container/Container.php(157): WP_Rocket\Dependencies\League\Container\Definition\DefinitionAggregate->resolve()
#5 /home/sdsons/public_html/wp-content/plugins/wp-rocket/inc/Plugin.php(146): WP_Rocket\Dependencies\League\Container\Container->get()
#6 /home/sdsons/public_html/wp-content/plugins/wp-rocket/inc/main.php(50): WP_Rocket\Plugin->load()
#7 /home/sdsons/public_html/wp-includes/class-wp-hook.php(310): rocket_init()
#8 /home/sdsons/public_html/wp-includes/class-wp-hook.php(334): WP_Hook->apply_filters()
#9 /home/sdsons/public_html/wp-includes/plugin.php(517): WP_Hook->do_action()
#10 /home/sdsons/public_html/wp-settings.php(495): do_action()
#11 /home/sdsons/public_html/wp-config.php(100): require_once('/home/sdsons/pu...')
#12 /home/sdsons/public_html/wp-load.php(50): require_once('/home/sdsons/pu...')
#13 /home/sdsons/public_html/wp-blog-header.php(13): require_once('/home/sdsons/pu...')
#14 /home/sdsons/public_html/index.php(17): require('/home/sdsons/pu...')
#15 {main}
  thrown in /home/sdsons/public_html/wp-content/plugins/wp-rocket/inc/Engine/Preload/Subscriber.php on line 80

2023-10-05T14:23:59+00:00 CRITICAL Uncaught TypeError: WP_Rocket\Engine\Media\Lazyload\Subscriber::__construct(): Argument #2 ($assets) must be of type WP_Rocket\Dependencies\RocketLazyload\Assets, string given in /home/sdsons/public_html/wp-content/plugins/wp-rocket/inc/Engine/Media/Lazyload/Subscriber.php:61
Stack trace:
#0 [internal function]: WP_Rocket\Engine\Media\Lazyload\Subscriber->__construct()
#1 /home/sdsons/public_html/wp-content/plugins/wp-rocket/inc/Dependencies/League/Container/Definition/Definition.php(256): ReflectionClass->newInstanceArgs()
#2 /home/sdsons/public_html/wp-content/plugins/wp-rocket/inc/Dependencies/League/Container/Definition/Definition.php(212): WP_Rocket\Dependencies\League\Container\Definition\Definition->resolveClass()
#3 /home/sdsons/public_html/wp-content/plugins/wp-rocket/inc/Dependencies/League/Container/Definition/DefinitionAggregate.php(94): WP_Rocket\Dependencies\League\Container\Definition\Definition->resolve()
#4 /home/sdsons/public_html/wp-content/plugins/wp-rocket/inc/Dependencies/League/Container/Container.php(157): WP_Rocket\Dependencies\League\Container\Definition\DefinitionAggregate->resolve()
#5 /home/sdsons/public_html/wp-content/plugins/wp-rocket/inc/Plugin.php(146): WP_Rocket\Dependencies\League\Container\Container->get()
#6 /home/sdsons/public_html/wp-content/plugins/wp-rocket/inc/main.php(50): WP_Rocket\Plugin->load()
#7 /home/sdsons/public_html/wp-includes/class-wp-hook.php(310): rocket_init()
#8 /home/sdsons/public_html/wp-includes/class-wp-hook.php(334): WP_Hook->apply_filters()
#9 /home/sdsons/public_html/wp-includes/plugin.php(517): WP_Hook->do_action()
#10 /home/sdsons/public_html/wp-settings.php(495): do_action()
#11 /home/sdsons/public_html/wp-config.php(100): require_once('/home/sdsons/pu...')
#12 /home/sdsons/public_html/wp-load.php(50): require_once('/home/sdsons/pu...')
#13 /home/sdsons/public_html/wp-blog-header.php(13): require_once('/home/sdsons/pu...')
#14 /home/sdsons/public_html/index.php(17): require('/home/sdsons/pu...')
#15 {main}
  thrown in /home/sdsons/public_html/wp-content/plugins/wp-rocket/inc/Engine/Media/Lazyload/Subscriber.php on line 61

2023-10-05T14:23:59+00:00 CRITICAL Uncaught TypeError: WP_Rocket\Engine\Media\Lazyload\Subscriber::__construct(): Argument #2 ($assets) must be of type WP_Rocket\Dependencies\RocketLazyload\Assets, string given in /home/sdsons/public_html/wp-content/plugins/wp-rocket/inc/Engine/Media/Lazyload/Subscriber.php:61
Stack trace:
#0 [internal function]: WP_Rocket\Engine\Media\Lazyload\Subscriber->__construct()
#1 /home/sdsons/public_html/wp-content/plugins/wp-rocket/inc/Dependencies/League/Container/Definition/Definition.php(256): ReflectionClass->newInstanceArgs()
#2 /home/sdsons/public_html/wp-content/plugins/wp-rocket/inc/Dependencies/League/Container/Definition/Definition.php(212): WP_Rocket\Dependencies\League\Container\Definition\Definition->resolveClass()
#3 /home/sdsons/public_html/wp-content/plugins/wp-rocket/inc/Dependencies/League/Container/Definition/DefinitionAggregate.php(94): WP_Rocket\Dependencies\League\Container\Definition\Definition->resolve()
#4 /home/sdsons/public_html/wp-content/plugins/wp-rocket/inc/Dependencies/League/Container/Container.php(157): WP_Rocket\Dependencies\League\Container\Definition\DefinitionAggregate->resolve()
#5 /home/sdsons/public_html/wp-content/plugins/wp-rocket/inc/Plugin.php(146): WP_Rocket\Dependencies\League\Container\Container->get()
#6 /home/sdsons/public_html/wp-content/plugins/wp-rocket/inc/main.php(50): WP_Rocket\Plugin->load()
#7 /home/sdsons/public_html/wp-includes/class-wp-hook.php(310): rocket_init()
#8 /home/sdsons/public_html/wp-includes/class-wp-hook.php(334): WP_Hook->apply_filters()
#9 /home/sdsons/public_html/wp-includes/plugin.php(517): WP_Hook->do_action()
#10 /home/sdsons/public_html/wp-settings.php(495): do_action()
#11 /home/sdsons/public_html/wp-config.php(100): require_once('/home/sdsons/pu...')
#12 /home/sdsons/public_html/wp-load.php(50): require_once('/home/sdsons/pu...')
#13 /home/sdsons/public_html/wp-blog-header.php(13): require_once('/home/sdsons/pu...')
#14 /home/sdsons/public_html/index.php(17): require('/home/sdsons/pu...')
#15 {main}
  thrown in /home/sdsons/public_html/wp-content/plugins/wp-rocket/inc/Engine/Media/Lazyload/Subscriber.php on line 61

2023-10-05T14:23:59+00:00 CRITICAL Uncaught TypeError: WP_Rocket\Engine\Media\Lazyload\Subscriber::__construct(): Argument #2 ($assets) must be of type WP_Rocket\Dependencies\RocketLazyload\Assets, string given in /home/sdsons/public_html/wp-content/plugins/wp-rocket/inc/Engine/Media/Lazyload/Subscriber.php:61
Stack trace:
#0 [internal function]: WP_Rocket\Engine\Media\Lazyload\Subscriber->__construct()
#1 /home/sdsons/public_html/wp-content/plugins/wp-rocket/inc/Dependencies/League/Container/Definition/Definition.php(256): ReflectionClass->newInstanceArgs()
#2 /home/sdsons/public_html/wp-content/plugins/wp-rocket/inc/Dependencies/League/Container/Definition/Definition.php(212): WP_Rocket\Dependencies\League\Container\Definition\Definition->resolveClass()
#3 /home/sdsons/public_html/wp-content/plugins/wp-rocket/inc/Dependencies/League/Container/Definition/DefinitionAggregate.php(94): WP_Rocket\Dependencies\League\Container\Definition\Definition->resolve()
#4 /home/sdsons/public_html/wp-content/plugins/wp-rocket/inc/Dependencies/League/Container/Container.php(157): WP_Rocket\Dependencies\League\Container\Definition\DefinitionAggregate->resolve()
#5 /home/sdsons/public_html/wp-content/plugins/wp-rocket/inc/Plugin.php(146): WP_Rocket\Dependencies\League\Container\Container->get()
#6 /home/sdsons/public_html/wp-content/plugins/wp-rocket/inc/main.php(50): WP_Rocket\Plugin->load()
#7 /home/sdsons/public_html/wp-includes/class-wp-hook.php(310): rocket_init()
#8 /home/sdsons/public_html/wp-includes/class-wp-hook.php(334): WP_Hook->apply_filters()
#9 /home/sdsons/public_html/wp-includes/plugin.php(517): WP_Hook->do_action()
#10 /home/sdsons/public_html/wp-settings.php(495): do_action()
#11 /home/sdsons/public_html/wp-config.php(100): require_once('/home/sdsons/pu...')
#12 /home/sdsons/public_html/wp-load.php(50): require_once('/home/sdsons/pu...')
#13 /home/sdsons/public_html/wp-blog-header.php(13): require_once('/home/sdsons/pu...')
#14 /home/sdsons/public_html/index.php(17): require('/home/sdsons/pu...')
#15 {main}
  thrown in /home/sdsons/public_html/wp-content/plugins/wp-rocket/inc/Engine/Media/Lazyload/Subscriber.php on line 61

2023-10-05T14:24:21+00:00 CRITICAL Uncaught TypeError: call_user_func_array(): Argument #1 ($callback) must be a valid callback, class "WC_Emails" not found in /home/sdsons/public_html/wp-includes/class-wp-hook.php:310
Stack trace:
#0 /home/sdsons/public_html/wp-includes/class-wp-hook.php(334): WP_Hook->apply_filters()
#1 /home/sdsons/public_html/wp-includes/plugin.php(517): WP_Hook->do_action()
#2 /home/sdsons/public_html/wp-settings.php(632): do_action()
#3 /home/sdsons/public_html/wp-config.php(100): require_once('/home/sdsons/pu...')
#4 /home/sdsons/public_html/wp-load.php(50): require_once('/home/sdsons/pu...')
#5 /home/sdsons/public_html/wp-blog-header.php(13): require_once('/home/sdsons/pu...')
#6 /home/sdsons/public_html/index.php(17): require('/home/sdsons/pu...')
#7 {main}
  thrown in /home/sdsons/public_html/wp-includes/class-wp-hook.php on line 310

2023-10-05T17:01:23+00:00 CRITICAL Uncaught InvalidArgumentException: The group "rocket-rucss" does not exist. in /home/sdsons/public_html/wp-content/plugins/woocommerce/packages/action-scheduler/classes/data-stores/ActionScheduler_DBStore.php:907
Stack trace:
#0 /home/sdsons/public_html/wp-content/plugins/woocommerce/packages/action-scheduler/classes/data-stores/ActionScheduler_DBStore.php(799): ActionScheduler_DBStore->claim_actions()
#1 /home/sdsons/public_html/wp-content/plugins/woocommerce/packages/action-scheduler/classes/ActionScheduler_QueueRunner.php(157): ActionScheduler_DBStore->stake_claim()
#2 /home/sdsons/public_html/wp-content/plugins/woocommerce/packages/action-scheduler/classes/ActionScheduler_QueueRunner.php(136): ActionScheduler_QueueRunner->do_batch()
#3 /home/sdsons/public_html/wp-includes/class-wp-hook.php(310): ActionScheduler_QueueRunner->run()
#4 /home/sdsons/public_html/wp-includes/class-wp-hook.php(334): WP_Hook->apply_filters()
#5 /home/sdsons/public_html/wp-includes/plugin.php(565): WP_Hook->do_action()
#6 /home/sdsons/public_html/wp-cron.php(191): do_action_ref_array()
#7 {main}
  thrown in /home/sdsons/public_html/wp-content/plugins/woocommerce/packages/action-scheduler/classes/data-stores/ActionScheduler_DBStore.php on line 907

2023-10-05T18:27:12+00:00 CRITICAL Uncaught InvalidArgumentException: The group "rocket-rucss" does not exist. in /home/sdsons/public_html/wp-content/plugins/woocommerce/packages/action-scheduler/classes/data-stores/ActionScheduler_DBStore.php:907
Stack trace:
#0 /home/sdsons/public_html/wp-content/plugins/woocommerce/packages/action-scheduler/classes/data-stores/ActionScheduler_DBStore.php(799): ActionScheduler_DBStore->claim_actions()
#1 /home/sdsons/public_html/wp-content/plugins/woocommerce/packages/action-scheduler/classes/ActionScheduler_QueueRunner.php(157): ActionScheduler_DBStore->stake_claim()
#2 /home/sdsons/public_html/wp-content/plugins/woocommerce/packages/action-scheduler/classes/ActionScheduler_QueueRunner.php(136): ActionScheduler_QueueRunner->do_batch()
#3 /home/sdsons/public_html/wp-includes/class-wp-hook.php(310): ActionScheduler_QueueRunner->run()
#4 /home/sdsons/public_html/wp-includes/class-wp-hook.php(334): WP_Hook->apply_filters()
#5 /home/sdsons/public_html/wp-includes/plugin.php(565): WP_Hook->do_action()
#6 /home/sdsons/public_html/wp-cron.php(191): do_action_ref_array()
#7 {main}
  thrown in /home/sdsons/public_html/wp-content/plugins/woocommerce/packages/action-scheduler/classes/data-stores/ActionScheduler_DBStore.php on line 907

2023-10-05T21:30:57+00:00 CRITICAL Uncaught InvalidArgumentException: The group "rocket-rucss" does not exist. in /home/sdsons/public_html/wp-content/plugins/woocommerce/packages/action-scheduler/classes/data-stores/ActionScheduler_DBStore.php:907
Stack trace:
#0 /home/sdsons/public_html/wp-content/plugins/woocommerce/packages/action-scheduler/classes/data-stores/ActionScheduler_DBStore.php(799): ActionScheduler_DBStore->claim_actions()
#1 /home/sdsons/public_html/wp-content/plugins/woocommerce/packages/action-scheduler/classes/ActionScheduler_QueueRunner.php(157): ActionScheduler_DBStore->stake_claim()
#2 /home/sdsons/public_html/wp-content/plugins/woocommerce/packages/action-scheduler/classes/ActionScheduler_QueueRunner.php(136): ActionScheduler_QueueRunner->do_batch()
#3 /home/sdsons/public_html/wp-includes/class-wp-hook.php(310): ActionScheduler_QueueRunner->run()
#4 /home/sdsons/public_html/wp-includes/class-wp-hook.php(334): WP_Hook->apply_filters()
#5 /home/sdsons/public_html/wp-includes/plugin.php(565): WP_Hook->do_action()
#6 /home/sdsons/public_html/wp-cron.php(191): do_action_ref_array()
#7 {main}
  thrown in /home/sdsons/public_html/wp-content/plugins/woocommerce/packages/action-scheduler/classes/data-stores/ActionScheduler_DBStore.php on line 907

2023-10-05T22:39:03+00:00 CRITICAL Uncaught InvalidArgumentException: The group "rocket-rucss" does not exist. in /home/sdsons/public_html/wp-content/plugins/woocommerce/packages/action-scheduler/classes/data-stores/ActionScheduler_DBStore.php:907
Stack trace:
#0 /home/sdsons/public_html/wp-content/plugins/woocommerce/packages/action-scheduler/classes/data-stores/ActionScheduler_DBStore.php(799): ActionScheduler_DBStore->claim_actions()
#1 /home/sdsons/public_html/wp-content/plugins/woocommerce/packages/action-scheduler/classes/ActionScheduler_QueueRunner.php(157): ActionScheduler_DBStore->stake_claim()
#2 /home/sdsons/public_html/wp-content/plugins/woocommerce/packages/action-scheduler/classes/ActionScheduler_QueueRunner.php(136): ActionScheduler_QueueRunner->do_batch()
#3 /home/sdsons/public_html/wp-includes/class-wp-hook.php(310): ActionScheduler_QueueRunner->run()
#4 /home/sdsons/public_html/wp-includes/class-wp-hook.php(334): WP_Hook->apply_filters()
#5 /home/sdsons/public_html/wp-includes/plugin.php(565): WP_Hook->do_action()
#6 /home/sdsons/public_html/wp-cron.php(191): do_action_ref_array()
#7 {main}
  thrown in /home/sdsons/public_html/wp-content/plugins/woocommerce/packages/action-scheduler/classes/data-stores/ActionScheduler_DBStore.php on line 907

2023-10-05T23:07:34+00:00 CRITICAL Uncaught InvalidArgumentException: The group "rocket-rucss" does not exist. in /home/sdsons/public_html/wp-content/plugins/woocommerce/packages/action-scheduler/classes/data-stores/ActionScheduler_DBStore.php:907
Stack trace:
#0 /home/sdsons/public_html/wp-content/plugins/woocommerce/packages/action-scheduler/classes/data-stores/ActionScheduler_DBStore.php(799): ActionScheduler_DBStore->claim_actions()
#1 /home/sdsons/public_html/wp-content/plugins/woocommerce/packages/action-scheduler/classes/ActionScheduler_QueueRunner.php(157): ActionScheduler_DBStore->stake_claim()
#2 /home/sdsons/public_html/wp-content/plugins/woocommerce/packages/action-scheduler/classes/ActionScheduler_QueueRunner.php(136): ActionScheduler_QueueRunner->do_batch()
#3 /home/sdsons/public_html/wp-includes/class-wp-hook.php(310): ActionScheduler_QueueRunner->run()
#4 /home/sdsons/public_html/wp-includes/class-wp-hook.php(334): WP_Hook->apply_filters()
#5 /home/sdsons/public_html/wp-includes/plugin.php(565): WP_Hook->do_action()
#6 /home/sdsons/public_html/wp-cron.php(191): do_action_ref_array()
#7 {main}
  thrown in /home/sdsons/public_html/wp-content/plugins/woocommerce/packages/action-scheduler/classes/data-stores/ActionScheduler_DBStore.php on line 907

2023-10-05T23:25:41+00:00 CRITICAL Uncaught InvalidArgumentException: The group "rocket-rucss" does not exist. in /home/sdsons/public_html/wp-content/plugins/woocommerce/packages/action-scheduler/classes/data-stores/ActionScheduler_DBStore.php:907
Stack trace:
#0 /home/sdsons/public_html/wp-content/plugins/woocommerce/packages/action-scheduler/classes/data-stores/ActionScheduler_DBStore.php(799): ActionScheduler_DBStore->claim_actions()
#1 /home/sdsons/public_html/wp-content/plugins/woocommerce/packages/action-scheduler/classes/ActionScheduler_QueueRunner.php(157): ActionScheduler_DBStore->stake_claim()
#2 /home/sdsons/public_html/wp-content/plugins/woocommerce/packages/action-scheduler/classes/ActionScheduler_QueueRunner.php(136): ActionScheduler_QueueRunner->do_batch()
#3 /home/sdsons/public_html/wp-includes/class-wp-hook.php(310): ActionScheduler_QueueRunner->run()
#4 /home/sdsons/public_html/wp-includes/class-wp-hook.php(334): WP_Hook->apply_filters()
#5 /home/sdsons/public_html/wp-includes/plugin.php(565): WP_Hook->do_action()
#6 /home/sdsons/public_html/wp-cron.php(191): do_action_ref_array()
#7 {main}
  thrown in /home/sdsons/public_html/wp-content/plugins/woocommerce/packages/action-scheduler/classes/data-stores/ActionScheduler_DBStore.php on line 907

