2023-09-30T01:25:02+00:00 CRITICAL Uncaught InvalidArgumentException: The group "rocket-rucss" does not exist. in /home/sdsons/public_html/wp-content/plugins/woocommerce/packages/action-scheduler/classes/data-stores/ActionScheduler_DBStore.php:907
Stack trace:
#0 /home/sdsons/public_html/wp-content/plugins/woocommerce/packages/action-scheduler/classes/data-stores/ActionScheduler_DBStore.php(799): ActionScheduler_DBStore->claim_actions()
#1 /home/sdsons/public_html/wp-content/plugins/woocommerce/packages/action-scheduler/classes/ActionScheduler_QueueRunner.php(157): ActionScheduler_DBStore->stake_claim()
#2 /home/sdsons/public_html/wp-content/plugins/woocommerce/packages/action-scheduler/classes/ActionScheduler_QueueRunner.php(136): ActionScheduler_QueueRunner->do_batch()
#3 /home/sdsons/public_html/wp-includes/class-wp-hook.php(310): ActionScheduler_QueueRunner->run()
#4 /home/sdsons/public_html/wp-includes/class-wp-hook.php(334): WP_Hook->apply_filters()
#5 /home/sdsons/public_html/wp-includes/plugin.php(565): WP_Hook->do_action()
#6 /home/sdsons/public_html/wp-cron.php(191): do_action_ref_array()
#7 {main}
  thrown in /home/sdsons/public_html/wp-content/plugins/woocommerce/packages/action-scheduler/classes/data-stores/ActionScheduler_DBStore.php on line 907

2023-09-30T02:43:57+00:00 CRITICAL Uncaught InvalidArgumentException: The group "rocket-rucss" does not exist. in /home/sdsons/public_html/wp-content/plugins/woocommerce/packages/action-scheduler/classes/data-stores/ActionScheduler_DBStore.php:907
Stack trace:
#0 /home/sdsons/public_html/wp-content/plugins/woocommerce/packages/action-scheduler/classes/data-stores/ActionScheduler_DBStore.php(799): ActionScheduler_DBStore->claim_actions()
#1 /home/sdsons/public_html/wp-content/plugins/woocommerce/packages/action-scheduler/classes/ActionScheduler_QueueRunner.php(157): ActionScheduler_DBStore->stake_claim()
#2 /home/sdsons/public_html/wp-content/plugins/woocommerce/packages/action-scheduler/classes/ActionScheduler_QueueRunner.php(136): ActionScheduler_QueueRunner->do_batch()
#3 /home/sdsons/public_html/wp-includes/class-wp-hook.php(310): ActionScheduler_QueueRunner->run()
#4 /home/sdsons/public_html/wp-includes/class-wp-hook.php(334): WP_Hook->apply_filters()
#5 /home/sdsons/public_html/wp-includes/plugin.php(565): WP_Hook->do_action()
#6 /home/sdsons/public_html/wp-cron.php(191): do_action_ref_array()
#7 {main}
  thrown in /home/sdsons/public_html/wp-content/plugins/woocommerce/packages/action-scheduler/classes/data-stores/ActionScheduler_DBStore.php on line 907

2023-09-30T05:01:53+00:00 CRITICAL Uncaught InvalidArgumentException: The group "rocket-rucss" does not exist. in /home/sdsons/public_html/wp-content/plugins/woocommerce/packages/action-scheduler/classes/data-stores/ActionScheduler_DBStore.php:907
Stack trace:
#0 /home/sdsons/public_html/wp-content/plugins/woocommerce/packages/action-scheduler/classes/data-stores/ActionScheduler_DBStore.php(799): ActionScheduler_DBStore->claim_actions()
#1 /home/sdsons/public_html/wp-content/plugins/woocommerce/packages/action-scheduler/classes/ActionScheduler_QueueRunner.php(157): ActionScheduler_DBStore->stake_claim()
#2 /home/sdsons/public_html/wp-content/plugins/woocommerce/packages/action-scheduler/classes/ActionScheduler_QueueRunner.php(136): ActionScheduler_QueueRunner->do_batch()
#3 /home/sdsons/public_html/wp-includes/class-wp-hook.php(310): ActionScheduler_QueueRunner->run()
#4 /home/sdsons/public_html/wp-includes/class-wp-hook.php(334): WP_Hook->apply_filters()
#5 /home/sdsons/public_html/wp-includes/plugin.php(565): WP_Hook->do_action()
#6 /home/sdsons/public_html/wp-cron.php(191): do_action_ref_array()
#7 {main}
  thrown in /home/sdsons/public_html/wp-content/plugins/woocommerce/packages/action-scheduler/classes/data-stores/ActionScheduler_DBStore.php on line 907

2023-09-30T05:03:35+00:00 CRITICAL Uncaught InvalidArgumentException: The group "rocket-rucss" does not exist. in /home/sdsons/public_html/wp-content/plugins/woocommerce/packages/action-scheduler/classes/data-stores/ActionScheduler_DBStore.php:907
Stack trace:
#0 /home/sdsons/public_html/wp-content/plugins/woocommerce/packages/action-scheduler/classes/data-stores/ActionScheduler_DBStore.php(799): ActionScheduler_DBStore->claim_actions()
#1 /home/sdsons/public_html/wp-content/plugins/woocommerce/packages/action-scheduler/classes/ActionScheduler_QueueRunner.php(157): ActionScheduler_DBStore->stake_claim()
#2 /home/sdsons/public_html/wp-content/plugins/woocommerce/packages/action-scheduler/classes/ActionScheduler_QueueRunner.php(136): ActionScheduler_QueueRunner->do_batch()
#3 /home/sdsons/public_html/wp-includes/class-wp-hook.php(310): ActionScheduler_QueueRunner->run()
#4 /home/sdsons/public_html/wp-includes/class-wp-hook.php(334): WP_Hook->apply_filters()
#5 /home/sdsons/public_html/wp-includes/plugin.php(565): WP_Hook->do_action()
#6 /home/sdsons/public_html/wp-cron.php(191): do_action_ref_array()
#7 {main}
  thrown in /home/sdsons/public_html/wp-content/plugins/woocommerce/packages/action-scheduler/classes/data-stores/ActionScheduler_DBStore.php on line 907

2023-09-30T06:39:03+00:00 CRITICAL Uncaught InvalidArgumentException: The group "rocket-rucss" does not exist. in /home/sdsons/public_html/wp-content/plugins/woocommerce/packages/action-scheduler/classes/data-stores/ActionScheduler_DBStore.php:907
Stack trace:
#0 /home/sdsons/public_html/wp-content/plugins/woocommerce/packages/action-scheduler/classes/data-stores/ActionScheduler_DBStore.php(799): ActionScheduler_DBStore->claim_actions()
#1 /home/sdsons/public_html/wp-content/plugins/woocommerce/packages/action-scheduler/classes/ActionScheduler_QueueRunner.php(157): ActionScheduler_DBStore->stake_claim()
#2 /home/sdsons/public_html/wp-content/plugins/woocommerce/packages/action-scheduler/classes/ActionScheduler_QueueRunner.php(136): ActionScheduler_QueueRunner->do_batch()
#3 /home/sdsons/public_html/wp-includes/class-wp-hook.php(310): ActionScheduler_QueueRunner->run()
#4 /home/sdsons/public_html/wp-includes/class-wp-hook.php(334): WP_Hook->apply_filters()
#5 /home/sdsons/public_html/wp-includes/plugin.php(565): WP_Hook->do_action()
#6 /home/sdsons/public_html/wp-cron.php(191): do_action_ref_array()
#7 {main}
  thrown in /home/sdsons/public_html/wp-content/plugins/woocommerce/packages/action-scheduler/classes/data-stores/ActionScheduler_DBStore.php on line 907

2023-09-30T07:01:56+00:00 CRITICAL Uncaught InvalidArgumentException: The group "rocket-rucss" does not exist. in /home/sdsons/public_html/wp-content/plugins/woocommerce/packages/action-scheduler/classes/data-stores/ActionScheduler_DBStore.php:907
Stack trace:
#0 /home/sdsons/public_html/wp-content/plugins/woocommerce/packages/action-scheduler/classes/data-stores/ActionScheduler_DBStore.php(799): ActionScheduler_DBStore->claim_actions()
#1 /home/sdsons/public_html/wp-content/plugins/woocommerce/packages/action-scheduler/classes/ActionScheduler_QueueRunner.php(157): ActionScheduler_DBStore->stake_claim()
#2 /home/sdsons/public_html/wp-content/plugins/woocommerce/packages/action-scheduler/classes/ActionScheduler_QueueRunner.php(136): ActionScheduler_QueueRunner->do_batch()
#3 /home/sdsons/public_html/wp-includes/class-wp-hook.php(310): ActionScheduler_QueueRunner->run()
#4 /home/sdsons/public_html/wp-includes/class-wp-hook.php(334): WP_Hook->apply_filters()
#5 /home/sdsons/public_html/wp-includes/plugin.php(565): WP_Hook->do_action()
#6 /home/sdsons/public_html/wp-cron.php(191): do_action_ref_array()
#7 {main}
  thrown in /home/sdsons/public_html/wp-content/plugins/woocommerce/packages/action-scheduler/classes/data-stores/ActionScheduler_DBStore.php on line 907

2023-09-30T08:26:31+00:00 CRITICAL Uncaught InvalidArgumentException: The group "rocket-rucss" does not exist. in /home/sdsons/public_html/wp-content/plugins/woocommerce/packages/action-scheduler/classes/data-stores/ActionScheduler_DBStore.php:907
Stack trace:
#0 /home/sdsons/public_html/wp-content/plugins/woocommerce/packages/action-scheduler/classes/data-stores/ActionScheduler_DBStore.php(799): ActionScheduler_DBStore->claim_actions()
#1 /home/sdsons/public_html/wp-content/plugins/woocommerce/packages/action-scheduler/classes/ActionScheduler_QueueRunner.php(157): ActionScheduler_DBStore->stake_claim()
#2 /home/sdsons/public_html/wp-content/plugins/woocommerce/packages/action-scheduler/classes/ActionScheduler_QueueRunner.php(136): ActionScheduler_QueueRunner->do_batch()
#3 /home/sdsons/public_html/wp-includes/class-wp-hook.php(310): ActionScheduler_QueueRunner->run()
#4 /home/sdsons/public_html/wp-includes/class-wp-hook.php(334): WP_Hook->apply_filters()
#5 /home/sdsons/public_html/wp-includes/plugin.php(565): WP_Hook->do_action()
#6 /home/sdsons/public_html/wp-cron.php(191): do_action_ref_array()
#7 {main}
  thrown in /home/sdsons/public_html/wp-content/plugins/woocommerce/packages/action-scheduler/classes/data-stores/ActionScheduler_DBStore.php on line 907

2023-09-30T12:30:15+00:00 CRITICAL Uncaught InvalidArgumentException: The group "rocket-rucss" does not exist. in /home/sdsons/public_html/wp-content/plugins/woocommerce/packages/action-scheduler/classes/data-stores/ActionScheduler_DBStore.php:907
Stack trace:
#0 /home/sdsons/public_html/wp-content/plugins/woocommerce/packages/action-scheduler/classes/data-stores/ActionScheduler_DBStore.php(799): ActionScheduler_DBStore->claim_actions()
#1 /home/sdsons/public_html/wp-content/plugins/woocommerce/packages/action-scheduler/classes/ActionScheduler_QueueRunner.php(157): ActionScheduler_DBStore->stake_claim()
#2 /home/sdsons/public_html/wp-content/plugins/woocommerce/packages/action-scheduler/classes/ActionScheduler_QueueRunner.php(136): ActionScheduler_QueueRunner->do_batch()
#3 /home/sdsons/public_html/wp-includes/class-wp-hook.php(310): ActionScheduler_QueueRunner->run()
#4 /home/sdsons/public_html/wp-includes/class-wp-hook.php(334): WP_Hook->apply_filters()
#5 /home/sdsons/public_html/wp-includes/plugin.php(565): WP_Hook->do_action()
#6 /home/sdsons/public_html/wp-cron.php(191): do_action_ref_array()
#7 {main}
  thrown in /home/sdsons/public_html/wp-content/plugins/woocommerce/packages/action-scheduler/classes/data-stores/ActionScheduler_DBStore.php on line 907

2023-09-30T14:32:36+00:00 CRITICAL Uncaught InvalidArgumentException: The group "rocket-rucss" does not exist. in /home/sdsons/public_html/wp-content/plugins/woocommerce/packages/action-scheduler/classes/data-stores/ActionScheduler_DBStore.php:907
Stack trace:
#0 /home/sdsons/public_html/wp-content/plugins/woocommerce/packages/action-scheduler/classes/data-stores/ActionScheduler_DBStore.php(799): ActionScheduler_DBStore->claim_actions()
#1 /home/sdsons/public_html/wp-content/plugins/woocommerce/packages/action-scheduler/classes/ActionScheduler_QueueRunner.php(157): ActionScheduler_DBStore->stake_claim()
#2 /home/sdsons/public_html/wp-content/plugins/woocommerce/packages/action-scheduler/classes/ActionScheduler_QueueRunner.php(136): ActionScheduler_QueueRunner->do_batch()
#3 /home/sdsons/public_html/wp-includes/class-wp-hook.php(310): ActionScheduler_QueueRunner->run()
#4 /home/sdsons/public_html/wp-includes/class-wp-hook.php(334): WP_Hook->apply_filters()
#5 /home/sdsons/public_html/wp-includes/plugin.php(565): WP_Hook->do_action()
#6 /home/sdsons/public_html/wp-cron.php(191): do_action_ref_array()
#7 {main}
  thrown in /home/sdsons/public_html/wp-content/plugins/woocommerce/packages/action-scheduler/classes/data-stores/ActionScheduler_DBStore.php on line 907

2023-09-30T16:00:38+00:00 CRITICAL Uncaught InvalidArgumentException: The group "rocket-rucss" does not exist. in /home/sdsons/public_html/wp-content/plugins/woocommerce/packages/action-scheduler/classes/data-stores/ActionScheduler_DBStore.php:907
Stack trace:
#0 /home/sdsons/public_html/wp-content/plugins/woocommerce/packages/action-scheduler/classes/data-stores/ActionScheduler_DBStore.php(799): ActionScheduler_DBStore->claim_actions()
#1 /home/sdsons/public_html/wp-content/plugins/woocommerce/packages/action-scheduler/classes/ActionScheduler_QueueRunner.php(157): ActionScheduler_DBStore->stake_claim()
#2 /home/sdsons/public_html/wp-content/plugins/woocommerce/packages/action-scheduler/classes/ActionScheduler_QueueRunner.php(136): ActionScheduler_QueueRunner->do_batch()
#3 /home/sdsons/public_html/wp-includes/class-wp-hook.php(310): ActionScheduler_QueueRunner->run()
#4 /home/sdsons/public_html/wp-includes/class-wp-hook.php(334): WP_Hook->apply_filters()
#5 /home/sdsons/public_html/wp-includes/plugin.php(565): WP_Hook->do_action()
#6 /home/sdsons/public_html/wp-cron.php(191): do_action_ref_array()
#7 {main}
  thrown in /home/sdsons/public_html/wp-content/plugins/woocommerce/packages/action-scheduler/classes/data-stores/ActionScheduler_DBStore.php on line 907

2023-09-30T17:49:30+00:00 CRITICAL Uncaught InvalidArgumentException: The group "rocket-rucss" does not exist. in /home/sdsons/public_html/wp-content/plugins/woocommerce/packages/action-scheduler/classes/data-stores/ActionScheduler_DBStore.php:907
Stack trace:
#0 /home/sdsons/public_html/wp-content/plugins/woocommerce/packages/action-scheduler/classes/data-stores/ActionScheduler_DBStore.php(799): ActionScheduler_DBStore->claim_actions()
#1 /home/sdsons/public_html/wp-content/plugins/woocommerce/packages/action-scheduler/classes/ActionScheduler_QueueRunner.php(157): ActionScheduler_DBStore->stake_claim()
#2 /home/sdsons/public_html/wp-content/plugins/woocommerce/packages/action-scheduler/classes/ActionScheduler_QueueRunner.php(136): ActionScheduler_QueueRunner->do_batch()
#3 /home/sdsons/public_html/wp-includes/class-wp-hook.php(310): ActionScheduler_QueueRunner->run()
#4 /home/sdsons/public_html/wp-includes/class-wp-hook.php(334): WP_Hook->apply_filters()
#5 /home/sdsons/public_html/wp-includes/plugin.php(565): WP_Hook->do_action()
#6 /home/sdsons/public_html/wp-cron.php(191): do_action_ref_array()
#7 {main}
  thrown in /home/sdsons/public_html/wp-content/plugins/woocommerce/packages/action-scheduler/classes/data-stores/ActionScheduler_DBStore.php on line 907

