2023-10-20T03:58:20+00:00 CRITICAL Uncaught InvalidArgumentException: The group "rocket-rucss" does not exist. in /home/sdsons/public_html/wp-content/plugins/woocommerce/packages/action-scheduler/classes/data-stores/ActionScheduler_DBStore.php:907
Stack trace:
#0 /home/sdsons/public_html/wp-content/plugins/woocommerce/packages/action-scheduler/classes/data-stores/ActionScheduler_DBStore.php(799): ActionScheduler_DBStore->claim_actions()
#1 /home/sdsons/public_html/wp-content/plugins/woocommerce/packages/action-scheduler/classes/ActionScheduler_QueueRunner.php(157): ActionScheduler_DBStore->stake_claim()
#2 /home/sdsons/public_html/wp-content/plugins/woocommerce/packages/action-scheduler/classes/ActionScheduler_QueueRunner.php(136): ActionScheduler_QueueRunner->do_batch()
#3 /home/sdsons/public_html/wp-includes/class-wp-hook.php(310): ActionScheduler_QueueRunner->run()
#4 /home/sdsons/public_html/wp-includes/class-wp-hook.php(334): WP_Hook->apply_filters()
#5 /home/sdsons/public_html/wp-includes/plugin.php(565): WP_Hook->do_action()
#6 /home/sdsons/public_html/wp-cron.php(191): do_action_ref_array()
#7 {main}
  thrown in /home/sdsons/public_html/wp-content/plugins/woocommerce/packages/action-scheduler/classes/data-stores/ActionScheduler_DBStore.php on line 907

2023-10-20T07:18:00+00:00 CRITICAL Uncaught InvalidArgumentException: The group "rocket-rucss" does not exist. in /home/sdsons/public_html/wp-content/plugins/woocommerce/packages/action-scheduler/classes/data-stores/ActionScheduler_DBStore.php:907
Stack trace:
#0 /home/sdsons/public_html/wp-content/plugins/woocommerce/packages/action-scheduler/classes/data-stores/ActionScheduler_DBStore.php(799): ActionScheduler_DBStore->claim_actions()
#1 /home/sdsons/public_html/wp-content/plugins/woocommerce/packages/action-scheduler/classes/ActionScheduler_QueueRunner.php(157): ActionScheduler_DBStore->stake_claim()
#2 /home/sdsons/public_html/wp-content/plugins/woocommerce/packages/action-scheduler/classes/ActionScheduler_QueueRunner.php(136): ActionScheduler_QueueRunner->do_batch()
#3 /home/sdsons/public_html/wp-includes/class-wp-hook.php(310): ActionScheduler_QueueRunner->run()
#4 /home/sdsons/public_html/wp-includes/class-wp-hook.php(334): WP_Hook->apply_filters()
#5 /home/sdsons/public_html/wp-includes/plugin.php(565): WP_Hook->do_action()
#6 /home/sdsons/public_html/wp-cron.php(191): do_action_ref_array()
#7 {main}
  thrown in /home/sdsons/public_html/wp-content/plugins/woocommerce/packages/action-scheduler/classes/data-stores/ActionScheduler_DBStore.php on line 907

2023-10-20T07:56:58+00:00 CRITICAL Uncaught InvalidArgumentException: The group "rocket-rucss" does not exist. in /home/sdsons/public_html/wp-content/plugins/woocommerce/packages/action-scheduler/classes/data-stores/ActionScheduler_DBStore.php:907
Stack trace:
#0 /home/sdsons/public_html/wp-content/plugins/woocommerce/packages/action-scheduler/classes/data-stores/ActionScheduler_DBStore.php(799): ActionScheduler_DBStore->claim_actions()
#1 /home/sdsons/public_html/wp-content/plugins/woocommerce/packages/action-scheduler/classes/ActionScheduler_QueueRunner.php(157): ActionScheduler_DBStore->stake_claim()
#2 /home/sdsons/public_html/wp-content/plugins/woocommerce/packages/action-scheduler/classes/ActionScheduler_QueueRunner.php(136): ActionScheduler_QueueRunner->do_batch()
#3 /home/sdsons/public_html/wp-includes/class-wp-hook.php(310): ActionScheduler_QueueRunner->run()
#4 /home/sdsons/public_html/wp-includes/class-wp-hook.php(334): WP_Hook->apply_filters()
#5 /home/sdsons/public_html/wp-includes/plugin.php(565): WP_Hook->do_action()
#6 /home/sdsons/public_html/wp-cron.php(191): do_action_ref_array()
#7 {main}
  thrown in /home/sdsons/public_html/wp-content/plugins/woocommerce/packages/action-scheduler/classes/data-stores/ActionScheduler_DBStore.php on line 907

2023-10-20T08:43:29+00:00 CRITICAL Uncaught InvalidArgumentException: The group "rocket-rucss" does not exist. in /home/sdsons/public_html/wp-content/plugins/woocommerce/packages/action-scheduler/classes/data-stores/ActionScheduler_DBStore.php:907
Stack trace:
#0 /home/sdsons/public_html/wp-content/plugins/woocommerce/packages/action-scheduler/classes/data-stores/ActionScheduler_DBStore.php(799): ActionScheduler_DBStore->claim_actions()
#1 /home/sdsons/public_html/wp-content/plugins/woocommerce/packages/action-scheduler/classes/ActionScheduler_QueueRunner.php(157): ActionScheduler_DBStore->stake_claim()
#2 /home/sdsons/public_html/wp-content/plugins/woocommerce/packages/action-scheduler/classes/ActionScheduler_QueueRunner.php(136): ActionScheduler_QueueRunner->do_batch()
#3 /home/sdsons/public_html/wp-includes/class-wp-hook.php(310): ActionScheduler_QueueRunner->run()
#4 /home/sdsons/public_html/wp-includes/class-wp-hook.php(334): WP_Hook->apply_filters()
#5 /home/sdsons/public_html/wp-includes/plugin.php(565): WP_Hook->do_action()
#6 /home/sdsons/public_html/wp-cron.php(191): do_action_ref_array()
#7 {main}
  thrown in /home/sdsons/public_html/wp-content/plugins/woocommerce/packages/action-scheduler/classes/data-stores/ActionScheduler_DBStore.php on line 907

2023-10-20T09:32:59+00:00 CRITICAL Uncaught InvalidArgumentException: The group "rocket-rucss" does not exist. in /home/sdsons/public_html/wp-content/plugins/woocommerce/packages/action-scheduler/classes/data-stores/ActionScheduler_DBStore.php:907
Stack trace:
#0 /home/sdsons/public_html/wp-content/plugins/woocommerce/packages/action-scheduler/classes/data-stores/ActionScheduler_DBStore.php(799): ActionScheduler_DBStore->claim_actions()
#1 /home/sdsons/public_html/wp-content/plugins/woocommerce/packages/action-scheduler/classes/ActionScheduler_QueueRunner.php(157): ActionScheduler_DBStore->stake_claim()
#2 /home/sdsons/public_html/wp-content/plugins/woocommerce/packages/action-scheduler/classes/ActionScheduler_QueueRunner.php(136): ActionScheduler_QueueRunner->do_batch()
#3 /home/sdsons/public_html/wp-includes/class-wp-hook.php(310): ActionScheduler_QueueRunner->run()
#4 /home/sdsons/public_html/wp-includes/class-wp-hook.php(334): WP_Hook->apply_filters()
#5 /home/sdsons/public_html/wp-includes/plugin.php(565): WP_Hook->do_action()
#6 /home/sdsons/public_html/wp-cron.php(191): do_action_ref_array()
#7 {main}
  thrown in /home/sdsons/public_html/wp-content/plugins/woocommerce/packages/action-scheduler/classes/data-stores/ActionScheduler_DBStore.php on line 907

2023-10-20T10:43:26+00:00 CRITICAL Uncaught InvalidArgumentException: The group "rocket-rucss" does not exist. in /home/sdsons/public_html/wp-content/plugins/woocommerce/packages/action-scheduler/classes/data-stores/ActionScheduler_DBStore.php:907
Stack trace:
#0 /home/sdsons/public_html/wp-content/plugins/woocommerce/packages/action-scheduler/classes/data-stores/ActionScheduler_DBStore.php(799): ActionScheduler_DBStore->claim_actions()
#1 /home/sdsons/public_html/wp-content/plugins/woocommerce/packages/action-scheduler/classes/ActionScheduler_QueueRunner.php(157): ActionScheduler_DBStore->stake_claim()
#2 /home/sdsons/public_html/wp-content/plugins/woocommerce/packages/action-scheduler/classes/ActionScheduler_QueueRunner.php(136): ActionScheduler_QueueRunner->do_batch()
#3 /home/sdsons/public_html/wp-includes/class-wp-hook.php(310): ActionScheduler_QueueRunner->run()
#4 /home/sdsons/public_html/wp-includes/class-wp-hook.php(334): WP_Hook->apply_filters()
#5 /home/sdsons/public_html/wp-includes/plugin.php(565): WP_Hook->do_action()
#6 /home/sdsons/public_html/wp-cron.php(191): do_action_ref_array()
#7 {main}
  thrown in /home/sdsons/public_html/wp-content/plugins/woocommerce/packages/action-scheduler/classes/data-stores/ActionScheduler_DBStore.php on line 907

2023-10-20T21:50:03+00:00 CRITICAL Uncaught InvalidArgumentException: The group "rocket-rucss" does not exist. in /home/sdsons/public_html/wp-content/plugins/woocommerce/packages/action-scheduler/classes/data-stores/ActionScheduler_DBStore.php:907
Stack trace:
#0 /home/sdsons/public_html/wp-content/plugins/woocommerce/packages/action-scheduler/classes/data-stores/ActionScheduler_DBStore.php(799): ActionScheduler_DBStore->claim_actions()
#1 /home/sdsons/public_html/wp-content/plugins/woocommerce/packages/action-scheduler/classes/ActionScheduler_QueueRunner.php(157): ActionScheduler_DBStore->stake_claim()
#2 /home/sdsons/public_html/wp-content/plugins/woocommerce/packages/action-scheduler/classes/ActionScheduler_QueueRunner.php(136): ActionScheduler_QueueRunner->do_batch()
#3 /home/sdsons/public_html/wp-includes/class-wp-hook.php(310): ActionScheduler_QueueRunner->run()
#4 /home/sdsons/public_html/wp-includes/class-wp-hook.php(334): WP_Hook->apply_filters()
#5 /home/sdsons/public_html/wp-includes/plugin.php(565): WP_Hook->do_action()
#6 /home/sdsons/public_html/wp-cron.php(191): do_action_ref_array()
#7 {main}
  thrown in /home/sdsons/public_html/wp-content/plugins/woocommerce/packages/action-scheduler/classes/data-stores/ActionScheduler_DBStore.php on line 907

